<?xml version="1.0" encoding="UTF-8"?>
<testsuite xmlns:xsi="http://www.w3.org/2001/XMLSchema-instance" xsi:noNamespaceSchemaLocation="https://maven.apache.org/surefire/maven-surefire-plugin/xsd/surefire-test-report.xsd" name="com.carpinuslabs.todo.model.TaskTest" time="0.001" tests="1" errors="0" skipped="0" failures="0">
  <properties>
    <property name="java.specification.version" value="14"/>
    <property name="sun.cpu.isalist" value="amd64"/>
    <property name="sun.jnu.encoding" value="Cp1252"/>
    <property name="java.class.path" value="C:\Users\vijay\OneDrive\Desktop\aws\todo-app-java\target\test-classes;C:\Users\vijay\OneDrive\Desktop\aws\todo-app-java\target\classes;C:\Users\vijay\.m2\repository\com\amazonaws\aws-lambda-java-core\1.2.0\aws-lambda-java-core-1.2.0.jar;C:\Users\vijay\.m2\repository\com\amazonaws\aws-lambda-java-events\2.2.5\aws-lambda-java-events-2.2.5.jar;C:\Users\vijay\.m2\repository\joda-time\joda-time\2.6\joda-time-2.6.jar;C:\Users\vijay\.m2\repository\com\amazonaws\aws-java-sdk-dynamodb\1.11.499\aws-java-sdk-dynamodb-1.11.499.jar;C:\Users\vijay\.m2\repository\com\amazonaws\aws-java-sdk-s3\1.11.499\aws-java-sdk-s3-1.11.499.jar;C:\Users\vijay\.m2\repository\com\amazonaws\aws-java-sdk-kms\1.11.499\aws-java-sdk-kms-1.11.499.jar;C:\Users\vijay\.m2\repository\com\amazonaws\aws-java-sdk-core\1.11.499\aws-java-sdk-core-1.11.499.jar;C:\Users\vijay\.m2\repository\commons-logging\commons-logging\1.1.3\commons-logging-1.1.3.jar;C:\Users\vijay\.m2\repository\org\apache\httpcomponents\httpclient\4.5.5\httpclient-4.5.5.jar;C:\Users\vijay\.m2\repository\org\apache\httpcomponents\httpcore\4.4.9\httpcore-4.4.9.jar;C:\Users\vijay\.m2\repository\commons-codec\commons-codec\1.10\commons-codec-1.10.jar;C:\Users\vijay\.m2\repository\software\amazon\ion\ion-java\1.0.2\ion-java-1.0.2.jar;C:\Users\vijay\.m2\repository\com\fasterxml\jackson\dataformat\jackson-dataformat-cbor\2.6.7\jackson-dataformat-cbor-2.6.7.jar;C:\Users\vijay\.m2\repository\com\amazonaws\jmespath-java\1.11.499\jmespath-java-1.11.499.jar;C:\Users\vijay\.m2\repository\com\fasterxml\jackson\core\jackson-databind\2.12.0\jackson-databind-2.12.0.jar;C:\Users\vijay\.m2\repository\com\fasterxml\jackson\core\jackson-annotations\2.12.0\jackson-annotations-2.12.0.jar;C:\Users\vijay\.m2\repository\com\fasterxml\jackson\core\jackson-core\2.12.0\jackson-core-2.12.0.jar;C:\Users\vijay\.m2\repository\junit\junit\4.11\junit-4.11.jar;C:\Users\vijay\.m2\repository\org\hamcrest\hamcrest-core\1.3\hamcrest-core-1.3.jar;"/>
    <property name="java.vm.vendor" value="Oracle Corporation"/>
    <property name="sun.arch.data.model" value="64"/>
    <property name="user.variant" value=""/>
    <property name="java.vendor.url" value="https://java.oracle.com/"/>
    <property name="user.timezone" value="America/New_York"/>
    <property name="os.name" value="Windows 10"/>
    <property name="java.vm.specification.version" value="14"/>
    <property name="sun.java.launcher" value="SUN_STANDARD"/>
    <property name="user.country" value="US"/>
    <property name="sun.boot.library.path" value="C:\Program Files\Java\jdk-14.0.1\bin"/>
    <property name="sun.java.command" value="C:\Users\vijay\AppData\Local\Temp\surefire15820644358639485672\surefirebooter9951347512055102868.jar C:\Users\vijay\AppData\Local\Temp\surefire15820644358639485672 2021-01-01T15-45-05_629-jvmRun1 surefire5708907847682988654tmp surefire_03871524923284747016tmp"/>
    <property name="jdk.debug" value="release"/>
    <property name="surefire.test.class.path" value="C:\Users\vijay\OneDrive\Desktop\aws\todo-app-java\target\test-classes;C:\Users\vijay\OneDrive\Desktop\aws\todo-app-java\target\classes;C:\Users\vijay\.m2\repository\com\amazonaws\aws-lambda-java-core\1.2.0\aws-lambda-java-core-1.2.0.jar;C:\Users\vijay\.m2\repository\com\amazonaws\aws-lambda-java-events\2.2.5\aws-lambda-java-events-2.2.5.jar;C:\Users\vijay\.m2\repository\joda-time\joda-time\2.6\joda-time-2.6.jar;C:\Users\vijay\.m2\repository\com\amazonaws\aws-java-sdk-dynamodb\1.11.499\aws-java-sdk-dynamodb-1.11.499.jar;C:\Users\vijay\.m2\repository\com\amazonaws\aws-java-sdk-s3\1.11.499\aws-java-sdk-s3-1.11.499.jar;C:\Users\vijay\.m2\repository\com\amazonaws\aws-java-sdk-kms\1.11.499\aws-java-sdk-kms-1.11.499.jar;C:\Users\vijay\.m2\repository\com\amazonaws\aws-java-sdk-core\1.11.499\aws-java-sdk-core-1.11.499.jar;C:\Users\vijay\.m2\repository\commons-logging\commons-logging\1.1.3\commons-logging-1.1.3.jar;C:\Users\vijay\.m2\repository\org\apache\httpcomponents\httpclient\4.5.5\httpclient-4.5.5.jar;C:\Users\vijay\.m2\repository\org\apache\httpcomponents\httpcore\4.4.9\httpcore-4.4.9.jar;C:\Users\vijay\.m2\repository\commons-codec\commons-codec\1.10\commons-codec-1.10.jar;C:\Users\vijay\.m2\repository\software\amazon\ion\ion-java\1.0.2\ion-java-1.0.2.jar;C:\Users\vijay\.m2\repository\com\fasterxml\jackson\dataformat\jackson-dataformat-cbor\2.6.7\jackson-dataformat-cbor-2.6.7.jar;C:\Users\vijay\.m2\repository\com\amazonaws\jmespath-java\1.11.499\jmespath-java-1.11.499.jar;C:\Users\vijay\.m2\repository\com\fasterxml\jackson\core\jackson-databind\2.12.0\jackson-databind-2.12.0.jar;C:\Users\vijay\.m2\repository\com\fasterxml\jackson\core\jackson-annotations\2.12.0\jackson-annotations-2.12.0.jar;C:\Users\vijay\.m2\repository\com\fasterxml\jackson\core\jackson-core\2.12.0\jackson-core-2.12.0.jar;C:\Users\vijay\.m2\repository\junit\junit\4.11\junit-4.11.jar;C:\Users\vijay\.m2\repository\org\hamcrest\hamcrest-core\1.3\hamcrest-core-1.3.jar;"/>
    <property name="sun.cpu.endian" value="little"/>
    <property name="user.home" value="C:\Users\vijay"/>
    <property name="user.language" value="en"/>
    <property name="java.specification.vendor" value="Oracle Corporation"/>
    <property name="java.version.date" value="2020-04-14"/>
    <property name="java.home" value="C:\Program Files\Java\jdk-14.0.1"/>
    <property name="file.separator" value="\"/>
    <property name="basedir" value="C:\Users\vijay\OneDrive\Desktop\aws\todo-app-java"/>
    <property name="java.vm.compressedOopsMode" value="Zero based"/>
    <property name="line.separator" value="&#10;"/>
    <property name="java.vm.specification.vendor" value="Oracle Corporation"/>
    <property name="java.specification.name" value="Java Platform API Specification"/>
    <property name="idea.version2020.1.2" value="true"/>
    <property name="surefire.real.class.path" value="C:\Users\vijay\AppData\Local\Temp\surefire15820644358639485672\surefirebooter9951347512055102868.jar"/>
    <property name="user.script" value=""/>
    <property name="sun.management.compiler" value="HotSpot 64-Bit Tiered Compilers"/>
    <property name="java.runtime.version" value="14.0.1+7"/>
    <property name="user.name" value="vijay"/>
    <property name="path.separator" value=";"/>
    <property name="os.version" value="10.0"/>
    <property name="java.runtime.name" value="Java(TM) SE Runtime Environment"/>
    <property name="file.encoding" value="Cp1252"/>
    <property name="java.vm.name" value="Java HotSpot(TM) 64-Bit Server VM"/>
    <property name="localRepository" value="C:\Users\vijay\.m2\repository"/>
    <property name="java.vendor.url.bug" value="https://bugreport.java.com/bugreport/"/>
    <property name="java.io.tmpdir" value="C:\Users\vijay\AppData\Local\Temp\"/>
    <property name="java.version" value="14.0.1"/>
    <property name="user.dir" value="C:\Users\vijay\OneDrive\Desktop\aws\todo-app-java"/>
    <property name="os.arch" value="amd64"/>
    <property name="java.vm.specification.name" value="Java Virtual Machine Specification"/>
    <property name="sun.os.patch.level" value=""/>
    <property name="java.library.path" value="C:\Program Files\Java\jdk-14.0.1\bin;C:\Windows\Sun\Java\bin;C:\Windows\system32;C:\Windows;C:\Windows\system32;C:\Windows;C:\Windows\System32\Wbem;C:\Windows\System32\WindowsPowerShell\v1.0\;C:\Windows\System32\OpenSSH\;C:\Program Files\Git\cmd;C:\ProgramData\chocolatey\bin;C:\Program Files\Amazon\AWSCLIV2\;C:\Users\vijay\AppData\Local\Microsoft\WindowsApps;E:\src\flutter\bin;C:\Users\vijay\Downloads\gradle-6.5-all\gradle-6.5\bin;C:\tools\dart-sdk\bin;C:\Users\vijay\AppData\Roaming\Pub\Cache\bin;;."/>
    <property name="java.vm.info" value="mixed mode, sharing"/>
    <property name="java.vendor" value="Oracle Corporation"/>
    <property name="java.vm.version" value="14.0.1+7"/>
    <property name="sun.io.unicode.encoding" value="UnicodeLittle"/>
    <property name="java.class.version" value="58.0"/>
  </properties>
  <testcase name="shouldSerializeAsJSON" classname="com.carpinuslabs.todo.model.TaskTest" time="0.001"/>
</testsuite>